
> smartexpense@0.1.0 build-storybook
> storybook build --output-dir=C:\Users\IBAIGA~1\AppData\Local\Temp\chromatic--26872-mPzTtfbRQbWN


[90mâ”Œ[39m  Building storybook v10.2.9
[90mâ”‚[39m
[32mâ—‡[39m  Cleaning outputDir:
[90mâ”‚[39m  [36mC:/Users/IBAIGA~1/AppData/Local/Temp/chromatic--26872-mPzTtfbRQbWN[39m
[90mâ”‚[39m
[32mâ—‡[39m  Loading presets
[90mâ”‚[39m
[32mâ—‡[39m  Building manager..
[90mâ”‚[39m
[34mâ—[39m  Building preview..
[90mâ”‚[39m
[34mâ—[39m  Addon-docs: using MDX3
[90mâ”‚[39m
[34mâ—[39m  Using implicit CSS loaders
[90mâ”‚[39m
[34mâ—[39m  Using SWC as compiler
[90mâ”‚[39m
[34mâ—[39m  Using default Webpack5 setup
[90mâ”‚[39m
[33mâ–²[39m  asset size limit: The following asset(s) exceed the recommended size
[90mâ”‚[39m  limit (244 KiB).
[90mâ”‚[39m  This can impact web performance.
[90mâ”‚[39m  Assets:
[90mâ”‚[39m  356.81574541.iframe.bundle.js (427 KiB)
[90mâ”‚[39m  980.0228c74a.iframe.bundle.js (1.03 MiB)
[90mâ”‚[39m  609.3a554e91.iframe.bundle.js (812 KiB)
[90mâ”‚[39m  7.28eed602.iframe.bundle.js (1.14 MiB)
[90mâ”‚[39m
[33mâ–²[39m  entrypoint size limit: The following entrypoint(s) combined asset size
[90mâ”‚[39m  exceeds the recommended limit (244 KiB). This can impact web
[90mâ”‚[39m  performance.
[90mâ”‚[39m  Entrypoints:
[90mâ”‚[39m  main (1.23 MiB)
[90mâ”‚[39m  runtime~main.2a8f4f7b.iframe.bundle.js
[90mâ”‚[39m  7.28eed602.iframe.bundle.js
[90mâ”‚[39m  main.2e93ef3c.iframe.bundle.js

[90mâ”‚[39m
[32mâ—‡[39m  Output directory:
[90mâ”‚[39m  C:/Users/IBAIGA~1/AppData/Local/Temp/chromatic--26872-mPzTtfbRQbWN
[90mâ”‚[39m
[90mâ””[39m  Storybook build completed successfully

